#
# There is insufficient memory for the Java Runtime Environment to continue.
# Native memory allocation (malloc) failed to allocate 352368 bytes for Chunk::new
# Possible reasons:
#   The system is out of physical RAM or swap space
#   In 32 bit mode, the process size limit was hit
# Possible solutions:
#   Reduce memory load on the system
#   Increase physical memory or swap space
#   Check if swap backing store is full
#   Use 64 bit Java on a 64 bit OS
#   Decrease Java heap size (-Xmx/-Xms)
#   Decrease number of Java threads
#   Decrease Java thread stack sizes (-Xss)
#   Set larger code cache with -XX:ReservedCodeCacheSize=
# This output file may be truncated or incomplete.
#
#  Out of Memory Error (allocation.cpp:390), pid=2020, tid=9192
#
# JRE version: Java(TM) SE Runtime Environment (8.0_20-b26) (build 1.8.0_20-b26)
# Java VM: Java HotSpot(TM) 64-Bit Server VM (25.20-b23 mixed mode windows-amd64 compressed oops)
# Failed to write core dump. Minidumps are not enabled by default on client versions of Windows
#

---------------  T H R E A D  ---------------

Current thread (0x0000000058788800):  JavaThread "C2 CompilerThread1" daemon [_thread_in_native, id=9192, stack(0x0000000059110000,0x0000000059210000)]

Stack: [0x0000000059110000,0x0000000059210000]
Native frames: (J=compiled Java code, j=interpreted, Vv=VM code, C=native code)
V  [jvm.dll+0x3152fa]


Current CompileTask:
C2:   6395 3899       4       org.springframework.util.AntPathMatcher::doMatch (606 bytes)


---------------  P R O C E S S  ---------------

Java Threads: ( => current thread )
  0x0000000058801800 JavaThread "Timer-0" daemon [_thread_blocked, id=8580, stack(0x00000000597e0000,0x00000000598e0000)]
  0x0000000058800800 JavaThread "200006406@qtp-1717159510-1" [_thread_blocked, id=8780, stack(0x0000000059b70000,0x0000000059c70000)]
  0x0000000058800000 JavaThread "589873731@qtp-1717159510-0" [_thread_blocked, id=4368, stack(0x0000000059990000,0x0000000059a90000)]
  0x00000000587ff000 JavaThread "Thread-2" [_thread_in_native, id=4384, stack(0x00000000596e0000,0x00000000597e0000)]
  0x00000000587fe800 JavaThread "Thread-1" [_thread_blocked, id=9140, stack(0x0000000059520000,0x0000000059620000)]
  0x00000000587fd000 JavaThread "Service Thread" daemon [_thread_blocked, id=5256, stack(0x00000000593d0000,0x00000000594d0000)]
  0x000000005878e000 JavaThread "C1 CompilerThread2" daemon [_thread_blocked, id=3160, stack(0x0000000059000000,0x0000000059100000)]
=>0x0000000058788800 JavaThread "C2 CompilerThread1" daemon [_thread_in_native, id=9192, stack(0x0000000059110000,0x0000000059210000)]
  0x0000000058779000 JavaThread "C2 CompilerThread0" daemon [_thread_blocked, id=8840, stack(0x0000000058d80000,0x0000000058e80000)]
  0x0000000057341000 JavaThread "Attach Listener" daemon [_thread_blocked, id=7320, stack(0x0000000058eb0000,0x0000000058fb0000)]
  0x0000000058783800 JavaThread "Signal Dispatcher" daemon [_thread_blocked, id=8716, stack(0x0000000058c20000,0x0000000058d20000)]
  0x00000000572e2800 JavaThread "Finalizer" daemon [_thread_blocked, id=2764, stack(0x0000000058670000,0x0000000058770000)]
  0x00000000572db800 JavaThread "Reference Handler" daemon [_thread_blocked, id=9576, stack(0x0000000058340000,0x0000000058440000)]
  0x00000000025de800 JavaThread "main" [_thread_in_native, id=9672, stack(0x0000000002680000,0x0000000002780000)]

Other Threads:
  0x00000000572d7800 VMThread [stack: 0x00000000584f0000,0x00000000585f0000] [id=8732]
  0x000000005881d800 WatcherThread [stack: 0x0000000059250000,0x0000000059350000] [id=6188]

VM state:not at safepoint (normal execution)

VM Mutex/Monitor currently owned by a thread: None

Heap:
 PSYoungGen      total 250368K, used 37374K [0x00000000d6f00000, 0x00000000ee300000, 0x0000000100000000)
  eden space 244224K, 13% used [0x00000000d6f00000,0x00000000d8fc2390,0x00000000e5d80000)
  from space 6144K, 62% used [0x00000000e6d00000,0x00000000e70bd590,0x00000000e7300000)
  to   space 15872K, 0% used [0x00000000e5d80000,0x00000000e5d80000,0x00000000e6d00000)
 ParOldGen       total 71168K, used 14562K [0x0000000084c00000, 0x0000000089180000, 0x00000000d6f00000)
  object space 71168K, 20% used [0x0000000084c00000,0x0000000085a38850,0x0000000089180000)
 Metaspace       used 23053K, capacity 23338K, committed 23552K, reserved 1071104K
  class space    used 2756K, capacity 2797K, committed 2816K, reserved 1048576K

Card table byte_map: [0x0000000011bc0000,0x0000000011fa0000] byte_map_base: 0x000000001179a000

Marking Bits: (ParMarkBitMap*) 0x000000005cbfb460
 Begin Bits: [0x00000000127d0000, 0x00000000146a0000)
 End Bits:   [0x00000000146a0000, 0x0000000016570000)

Polling page: 0x0000000000220000

CodeCache: size=245760Kb used=11878Kb max_used=12694Kb free=233881Kb
 bounds [0x0000000002800000, 0x0000000003480000, 0x0000000011800000]
 total_blobs=3825 nmethods=3435 adapters=303
 compilation: enabled

Compilation events (10 events):
Event: 6.370 Thread 0x0000000058779000 nmethod 3900 0x0000000002d25dd0 code [0x0000000002d25f40, 0x0000000002d26418]
Event: 6.370 Thread 0x0000000058779000 3912       4       org.dom4j.Namespace::hashCode (20 bytes)
Event: 6.371 Thread 0x0000000058779000 nmethod 3912 0x0000000002a0cad0 code [0x0000000002a0cc20, 0x0000000002a0cca8]
Event: 6.373 Thread 0x000000005878e000 3919       3       org.springframework.util.AntPathMatcher$AntPathStringMatcher::<init> (261 bytes)
Event: 6.375 Thread 0x000000005878e000 nmethod 3919 0x0000000002fc9910 code [0x0000000002fc9da0, 0x0000000002fccc68]
Event: 6.379 Thread 0x0000000058779000 3920       4       java.util.ArrayList$Itr::<init> (6 bytes)
Event: 6.380 Thread 0x0000000058779000 nmethod 3920 0x0000000002d2c390 code [0x0000000002d2c4c0, 0x0000000002d2c538]
Event: 6.389 Thread 0x000000005878e000 3921       3       org.dom4j.tree.DefaultElement::attributeList (53 bytes)
Event: 6.390 Thread 0x000000005878e000 nmethod 3921 0x0000000002ee4890 code [0x0000000002ee4aa0, 0x0000000002ee57e8]
Event: 6.392 Thread 0x000000005878e000 3922       3       com.alibaba.citrus.springext.impl.SchemaBase::<init> (63 bytes)

GC Heap History (10 events):
Event: 2.132 GC heap before
{Heap before GC invocations=5 (full 0):
 PSYoungGen      total 132096K, used 130056K [0x00000000d6f00000, 0x00000000df500000, 0x0000000100000000)
  eden space 126976K, 100% used [0x00000000d6f00000,0x00000000deb00000,0x00000000deb00000)
  from space 5120K, 60% used [0x00000000df000000,0x00000000df302020,0x00000000df500000)
  to   space 5120K, 0% used [0x00000000deb00000,0x00000000deb00000,0x00000000df000000)
 ParOldGen       total 84992K, used 688K [0x0000000084c00000, 0x0000000089f00000, 0x00000000d6f00000)
  object space 84992K, 0% used [0x0000000084c00000,0x0000000084cac2f8,0x0000000089f00000)
 Metaspace       used 11660K, capacity 11876K, committed 12032K, reserved 1060864K
  class space    used 1500K, capacity 1532K, committed 1536K, reserved 1048576K
Event: 2.138 GC heap after
Heap after GC invocations=5 (full 0):
 PSYoungGen      total 132096K, used 3368K [0x00000000d6f00000, 0x00000000e7300000, 0x0000000100000000)
  eden space 126976K, 0% used [0x00000000d6f00000,0x00000000d6f00000,0x00000000deb00000)
  from space 5120K, 65% used [0x00000000deb00000,0x00000000dee4a020,0x00000000df000000)
  to   space 6144K, 0% used [0x00000000e6d00000,0x00000000e6d00000,0x00000000e7300000)
 ParOldGen       total 84992K, used 696K [0x0000000084c00000, 0x0000000089f00000, 0x00000000d6f00000)
  object space 84992K, 0% used [0x0000000084c00000,0x0000000084cae2f8,0x0000000089f00000)
 Metaspace       used 11660K, capacity 11876K, committed 12032K, reserved 1060864K
  class space    used 1500K, capacity 1532K, committed 1536K, reserved 1048576K
}
Event: 3.849 GC heap before
{Heap before GC invocations=6 (full 0):
 PSYoungGen      total 132096K, used 130344K [0x00000000d6f00000, 0x00000000e7300000, 0x0000000100000000)
  eden space 126976K, 100% used [0x00000000d6f00000,0x00000000deb00000,0x00000000deb00000)
  from space 5120K, 65% used [0x00000000deb00000,0x00000000dee4a020,0x00000000df000000)
  to   space 6144K, 0% used [0x00000000e6d00000,0x00000000e6d00000,0x00000000e7300000)
 ParOldGen       total 84992K, used 696K [0x0000000084c00000, 0x0000000089f00000, 0x00000000d6f00000)
  object space 84992K, 0% used [0x0000000084c00000,0x0000000084cae2f8,0x0000000089f00000)
 Metaspace       used 15096K, capacity 15318K, committed 15488K, reserved 1062912K
  class space    used 1852K, capacity 1887K, committed 1920K, reserved 1048576K
Event: 3.861 GC heap after
Heap after GC invocations=6 (full 0):
 PSYoungGen      total 255488K, used 6131K [0x00000000d6f00000, 0x00000000e7c00000, 0x0000000100000000)
  eden space 249344K, 0% used [0x00000000d6f00000,0x00000000d6f00000,0x00000000e6280000)
  from space 6144K, 99% used [0x00000000e6d00000,0x00000000e72fcc30,0x00000000e7300000)
  to   space 10752K, 0% used [0x00000000e6280000,0x00000000e6280000,0x00000000e6d00000)
 ParOldGen       total 84992K, used 7058K [0x0000000084c00000, 0x0000000089f00000, 0x00000000d6f00000)
  object space 84992K, 8% used [0x0000000084c00000,0x00000000852e4980,0x0000000089f00000)
 Metaspace       used 15096K, capacity 15318K, committed 15488K, reserved 1062912K
  class space    used 1852K, capacity 1887K, committed 1920K, reserved 1048576K
}
Event: 5.168 GC heap before
{Heap before GC invocations=7 (full 0):
 PSYoungGen      total 255488K, used 81534K [0x00000000d6f00000, 0x00000000e7c00000, 0x0000000100000000)
  eden space 249344K, 30% used [0x00000000d6f00000,0x00000000db8a2d38,0x00000000e6280000)
  from space 6144K, 99% used [0x00000000e6d00000,0x00000000e72fcc30,0x00000000e7300000)
  to   space 10752K, 0% used [0x00000000e6280000,0x00000000e6280000,0x00000000e6d00000)
 ParOldGen       total 84992K, used 7058K [0x0000000084c00000, 0x0000000089f00000, 0x00000000d6f00000)
  object space 84992K, 8% used [0x0000000084c00000,0x00000000852e4980,0x0000000089f00000)
 Metaspace       used 20830K, capacity 21044K, committed 21296K, reserved 1069056K
  class space    used 2546K, capacity 2596K, committed 2688K, reserved 1048576K
Event: 5.192 GC heap after
Heap after GC invocations=7 (full 0):
 PSYoungGen      total 260096K, used 10738K [0x00000000d6f00000, 0x00000000e7c00000, 0x0000000100000000)
  eden space 249344K, 0% used [0x00000000d6f00000,0x00000000d6f00000,0x00000000e6280000)
  from space 10752K, 99% used [0x00000000e6280000,0x00000000e6cfc950,0x00000000e6d00000)
  to   space 6144K, 0% used [0x00000000e6d00000,0x00000000e6d00000,0x00000000e7300000)
 ParOldGen       total 84992K, used 14159K [0x0000000084c00000, 0x0000000089f00000, 0x00000000d6f00000)
  object space 84992K, 16% used [0x0000000084c00000,0x00000000859d3ed8,0x0000000089f00000)
 Metaspace       used 20830K, capacity 21044K, committed 21296K, reserved 1069056K
  class space    used 2546K, capacity 2596K, committed 2688K, reserved 1048576K
}
Event: 5.192 GC heap before
{Heap before GC invocations=8 (full 1):
 PSYoungGen      total 260096K, used 10738K [0x00000000d6f00000, 0x00000000e7c00000, 0x0000000100000000)
  eden space 249344K, 0% used [0x00000000d6f00000,0x00000000d6f00000,0x00000000e6280000)
  from space 10752K, 99% used [0x00000000e6280000,0x00000000e6cfc950,0x00000000e6d00000)
  to   space 6144K, 0% used [0x00000000e6d00000,0x00000000e6d00000,0x00000000e7300000)
 ParOldGen       total 84992K, used 14159K [0x0000000084c00000, 0x0000000089f00000, 0x00000000d6f00000)
  object space 84992K, 16% used [0x0000000084c00000,0x00000000859d3ed8,0x0000000089f00000)
 Metaspace       used 20830K, capacity 21044K, committed 21296K, reserved 1069056K
  class space    used 2546K, capacity 2596K, committed 2688K, reserved 1048576K
Event: 5.291 GC heap after
Heap after GC invocations=8 (full 1):
 PSYoungGen      total 260096K, used 0K [0x00000000d6f00000, 0x00000000e7c00000, 0x0000000100000000)
  eden space 249344K, 0% used [0x00000000d6f00000,0x00000000d6f00000,0x00000000e6280000)
  from space 10752K, 0% used [0x00000000e6280000,0x00000000e6280000,0x00000000e6d00000)
  to   space 6144K, 0% used [0x00000000e6d00000,0x00000000e6d00000,0x00000000e7300000)
 ParOldGen       total 71168K, used 14554K [0x0000000084c00000, 0x0000000089180000, 0x00000000d6f00000)
  object space 71168K, 20% used [0x0000000084c00000,0x0000000085a36850,0x0000000089180000)
 Metaspace       used 20830K, capacity 21044K, committed 21296K, reserved 1069056K
  class space    used 2546K, capacity 2596K, committed 2688K, reserved 1048576K
}
Event: 6.296 GC heap before
{Heap before GC invocations=9 (full 1):
 PSYoungGen      total 260096K, used 249344K [0x00000000d6f00000, 0x00000000e7c00000, 0x0000000100000000)
  eden space 249344K, 100% used [0x00000000d6f00000,0x00000000e6280000,0x00000000e6280000)
  from space 10752K, 0% used [0x00000000e6280000,0x00000000e6280000,0x00000000e6d00000)
  to   space 6144K, 0% used [0x00000000e6d00000,0x00000000e6d00000,0x00000000e7300000)
 ParOldGen       total 71168K, used 14554K [0x0000000084c00000, 0x0000000089180000, 0x00000000d6f00000)
  object space 71168K, 20% used [0x0000000084c00000,0x0000000085a36850,0x0000000089180000)
 Metaspace       used 23044K, capacity 23274K, committed 23552K, reserved 1071104K
  class space    used 2755K, capacity 2797K, committed 2816K, reserved 1048576K
Event: 6.300 GC heap after
Heap after GC invocations=9 (full 1):
 PSYoungGen      total 250368K, used 3829K [0x00000000d6f00000, 0x00000000ee300000, 0x0000000100000000)
  eden space 244224K, 0% used [0x00000000d6f00000,0x00000000d6f00000,0x00000000e5d80000)
  from space 6144K, 62% used [0x00000000e6d00000,0x00000000e70bd590,0x00000000e7300000)
  to   space 15872K, 0% used [0x00000000e5d80000,0x00000000e5d80000,0x00000000e6d00000)
 ParOldGen       total 71168K, used 14562K [0x0000000084c00000, 0x0000000089180000, 0x00000000d6f00000)
  object space 71168K, 20% used [0x0000000084c00000,0x0000000085a38850,0x0000000089180000)
 Metaspace       used 23044K, capacity 23274K, committed 23552K, reserved 1071104K
  class space    used 2755K, capacity 2797K, committed 2816K, reserved 1048576K
}

Deoptimization events (10 events):
Event: 5.508 Thread 0x00000000025de800 Uncommon trap: reason=class_check action=maybe_recompile pc=0x000000000301c6b8 method=com.sun.org.apache.xerces.internal.impl.XMLDocumentFragmentScannerImpl$FragmentContentDriver.next()I @ 2222
Event: 5.509 Thread 0x00000000025de800 Uncommon trap: reason=null_check action=make_not_entrant pc=0x000000000301e284 method=com.sun.org.apache.xerces.internal.utils.XMLLimitAnalyzer.isTracking(Ljava/lang/String;)Z @ 14
Event: 5.509 Thread 0x00000000025de800 Uncommon trap: reason=null_check action=make_not_entrant pc=0x0000000002dc4e74 method=com.sun.org.apache.xerces.internal.utils.XMLLimitAnalyzer.isTracking(Ljava/lang/String;)Z @ 14
Event: 5.549 Thread 0x00000000025de800 Uncommon trap: reason=unreached action=reinterpret pc=0x0000000003130d04 method=java.util.HashMap.hash(Ljava/lang/Object;)I @ 1
Event: 5.564 Thread 0x00000000025de800 Uncommon trap: reason=unreached action=reinterpret pc=0x0000000002bba894 method=java.lang.AbstractStringBuilder.append(Ljava/lang/String;)Ljava/lang/AbstractStringBuilder; @ 1
Event: 5.575 Thread 0x00000000025de800 Uncommon trap: reason=unreached action=reinterpret pc=0x0000000002be6760 method=sun.reflect.annotation.AnnotationParser.parseAnnotations([BLsun/reflect/ConstantPool;Ljava/lang/Class;)Ljava/util/Map; @ 1
Event: 5.575 Thread 0x00000000025de800 Uncommon trap: reason=unreached action=reinterpret pc=0x000000000293c210 method=sun.reflect.annotation.AnnotationParser.parseAnnotations([BLsun/reflect/ConstantPool;Ljava/lang/Class;)Ljava/util/Map; @ 1
Event: 5.814 Thread 0x00000000025de800 Uncommon trap: reason=class_check action=maybe_recompile pc=0x00000000030a6620 method=java.io.Writer.write(Ljava/lang/String;)V @ 7
Event: 5.814 Thread 0x00000000025de800 Uncommon trap: reason=class_check action=maybe_recompile pc=0x00000000030a6620 method=java.io.Writer.write(Ljava/lang/String;)V @ 7
Event: 5.862 Thread 0x00000000025de800 Uncommon trap: reason=null_check action=make_not_entrant pc=0x0000000002ee723c method=org.dom4j.tree.NamespaceCache.get(Ljava/lang/String;Ljava/lang/String;)Lorg/dom4j/Namespace; @ 31

Internal exceptions (10 events):
Event: 5.812 Thread 0x00000000025de800 Exception <a 'java/security/PrivilegedActionException'> (0x00000000d9e7ee98) thrown at [D:\re\workspace\8-2-build-windows-amd64-cygwin\jdk8u20\1074\hotspot\src\share\vm\prims\jvm.cpp, line 1275]
Event: 5.812 Thread 0x00000000025de800 Exception <a 'java/lang/ClassNotFoundException': com/alibaba/citrus/webx/handler/impl/error/PipelineErrorHandlerCustomizer> (0x00000000d9e7f2a0) thrown at [D:\re\workspace\8-2-build-windows-amd64-cygwin\jdk8u20\1074\hotspot\src\share\vm\classfile\systemDic—¿2,ü?@
Event: 5.812 Thread 0x00000000025de800 Exception <a 'java/security/PrivilegedActionException'> (0x00000000d9e82dd0) thrown at [D:\re\workspace\8-2-build-windows-amd64-cygwin\jdk8u20\1074\hotspot\src\share\vm\prims\jvm.cpp, line 1275]
Event: 5.812 Thread 0x00000000025de800 Exception <a 'java/security/PrivilegedActionException'> (0x00000000d9e83e80) thrown at [D:\re\workspace\8-2-build-windows-amd64-cygwin\jdk8u20\1074\hotspot\src\share\vm\prims\jvm.cpp, line 1275]
Event: 5.813 Thread 0x00000000025de800 Exception <a 'java/security/PrivilegedActionException'> (0x00000000d9e8ca88) thrown at [D:\re\workspace\8-2-build-windows-amd64-cygwin\jdk8u20\1074\hotspot\src\share\vm\prims\jvm.cpp, line 1275]
Event: 5.813 Thread 0x00000000025de800 Exception <a 'java/security/PrivilegedActionException'> (0x00000000d9e8df68) thrown at [D:\re\workspace\8-2-build-windows-amd64-cygwin\jdk8u20\1074\hotspot\src\share\vm\prims\jvm.cpp, line 1275]
Event: 5.815 Thread 0x00000000025de800 Exception <a 'java/security/PrivilegedActionException'> (0x00000000d9e98198) thrown at [D:\re\workspace\8-2-build-windows-amd64-cygwin\jdk8u20\1074\hotspot\src\share\vm\prims\jvm.cpp, line 1275]
Event: 5.815 Thread 0x00000000025de800 Exception <a 'java/security/PrivilegedActionException'> (0x00000000d9e98cd8) thrown at [D:\re\workspace\8-2-build-windows-amd64-cygwin\jdk8u20\1074\hotspot\src\share\vm\prims\jvm.cpp, line 1275]
Event: 5.815 Thread 0x00000000025de800 Exception <a 'java/security/PrivilegedActionException'> (0x00000000d9e9bb08) thrown at [D:\re\workspace\8-2-build-windows-amd64-cygwin\jdk8u20\1074\hotspot\src\share\vm\prims\jvm.cpp, line 1275]
Event: 5.862 Thread 0x00000000025de800 Implicit null exception at 0x0000000002ee6457 to 0x0000000002ee7225

Events (10 events):
Event: 6.342 Thread 0x000000005878e000 flushing nmethod 0x0000000003046310
Event: 6.342 Thread 0x000000005878e000 flushing nmethod 0x000000000305ae90
Event: 6.343 Thread 0x000000005878e000 flushing nmethod 0x000000000307d250
Event: 6.343 Thread 0x000000005878e000 flushing nmethod 0x00000000030a1f10
Event: 6.344 Thread 0x000000005878e000 flushing nmethod 0x00000000030c7750
Event: 6.344 Thread 0x000000005878e000 flushing nmethod 0x00000000030d3910
Event: 6.358 Thread 0x000000005878e000 flushing nmethod 0x00000000031d9290
Event: 6.358 Thread 0x000000005878e000 flushing nmethod 0x0000000003237f90
Event: 6.379 loading class java/util/ArrayList$1
Event: 6.379 loading class java/util/ArrayList$1 done


Dynamic libraries:
0x000000013fa70000 - 0x000000013faa4000 	C:\Program Files\Java\jre1.8.0_20\bin\javaw.exe
0x00000000777f0000 - 0x0000000077998000 	C:\windows\SYSTEM32\ntdll.dll
0x00000000776d0000 - 0x00000000777ef000 	C:\windows\system32\kernel32.dll
0x000007fefd800000 - 0x000007fefd86c000 	C:\windows\system32\KERNELBASE.dll
0x000007fefe430000 - 0x000007fefe50b000 	C:\windows\system32\ADVAPI32.dll
0x000007fefe130000 - 0x000007fefe1cf000 	C:\windows\system32\msvcrt.dll
0x000007fefe070000 - 0x000007fefe08f000 	C:\windows\SYSTEM32\sechost.dll
0x000007feff9c0000 - 0x000007feffaed000 	C:\windows\system32\RPCRT4.dll
0x00000000775d0000 - 0x00000000776ca000 	C:\windows\system32\USER32.dll
0x000007fefe2e0000 - 0x000007fefe347000 	C:\windows\system32\GDI32.dll
0x000007feffaf0000 - 0x000007feffafe000 	C:\windows\system32\LPK.dll
0x000007fefdc00000 - 0x000007fefdcc9000 	C:\windows\system32\USP10.dll
0x000007fefbda0000 - 0x000007fefbf94000 	C:\windows\WinSxS\amd64_microsoft.windows.common-controls_6595b64144ccf1df_6.0.7601.18837_none_fa3b1e3d17594757\COMCTL32.dll
0x000007fefdb00000 - 0x000007fefdb71000 	C:\windows\system32\SHLWAPI.dll
0x000007fefe040000 - 0x000007fefe06e000 	C:\windows\system32\IMM32.DLL
0x000007fefe1d0000 - 0x000007fefe2d9000 	C:\windows\system32\MSCTF.dll
0x000000006a2d0000 - 0x000000006a3a2000 	C:\Program Files\Java\jre1.8.0_20\bin\msvcr100.dll
0x000000005c420000 - 0x000000005cc78000 	C:\Program Files\Java\jre1.8.0_20\bin\server\jvm.dll
0x000007fef32a0000 - 0x000007fef32a9000 	C:\windows\system32\WSOCK32.dll
0x000007feff960000 - 0x000007feff9ad000 	C:\windows\system32\WS2_32.dll
0x000007feff9b0000 - 0x000007feff9b8000 	C:\windows\system32\NSI.dll
0x000007fefa9d0000 - 0x000007fefaa0b000 	C:\windows\system32\WINMM.dll
0x00000000779c0000 - 0x00000000779c7000 	C:\windows\system32\PSAPI.DLL
0x0000000073c20000 - 0x0000000073c2f000 	C:\Program Files\Java\jre1.8.0_20\bin\verify.dll
0x000000006fbd0000 - 0x000000006fbf8000 	C:\Program Files\Java\jre1.8.0_20\bin\java.dll
0x000000006fbb0000 - 0x000000006fbc6000 	C:\Program Files\Java\jre1.8.0_20\bin\zip.dll
0x000007fefe510000 - 0x000007feff299000 	C:\windows\system32\SHELL32.dll
0x000007feff3c0000 - 0x000007feff5c3000 	C:\windows\system32\ole32.dll
0x000007fefd6f0000 - 0x000007fefd6ff000 	C:\windows\system32\profapi.dll
0x000000006e640000 - 0x000000006e65a000 	C:\Program Files\Java\jre1.8.0_20\bin\net.dll
0x000007fefcf60000 - 0x000007fefcfb5000 	C:\windows\system32\mswsock.dll
0x000007fefcf50000 - 0x000007fefcf57000 	C:\windows\System32\wship6.dll
0x000007fefc240000 - 0x000007fefc255000 	C:\windows\system32\NLAapi.dll
0x000007fef86b0000 - 0x000007fef86c5000 	C:\windows\system32\napinsp.dll
0x000007fef8690000 - 0x000007fef86a9000 	C:\windows\system32\pnrpnsp.dll
0x000007fefcde0000 - 0x000007fefce3b000 	C:\windows\system32\DNSAPI.dll
0x000007fef8680000 - 0x000007fef868b000 	C:\windows\System32\winrnr.dll
0x000007fefc910000 - 0x000007fefc917000 	C:\windows\System32\wshtcpip.dll
0x000007fefbca0000 - 0x000007fefbcc7000 	C:\windows\system32\IPHLPAPI.DLL
0x000007fefbc90000 - 0x000007fefbc9b000 	C:\windows\system32\WINNSI.DLL
0x000007fef9290000 - 0x000007fef9298000 	C:\windows\system32\rasadhlp.dll
0x000007fefbae0000 - 0x000007fefbb33000 	C:\windows\System32\fwpuclnt.dll
0x000007fefbab0000 - 0x000007fefbac8000 	C:\windows\system32\dhcpcsvc.DLL
0x000007fefba90000 - 0x000007fefbaa1000 	C:\windows\system32\dhcpcsvc6.DLL
0x000007fefd1b0000 - 0x000007fefd1c8000 	C:\windows\system32\CRYPTSP.dll
0x000007fefccb0000 - 0x000007fefccf7000 	C:\windows\system32\rsaenh.dll
0x000007fefca20000 - 0x000007fefca3e000 	C:\windows\system32\USERENV.dll
0x000007fefd620000 - 0x000007fefd62f000 	C:\windows\system32\CRYPTBASE.dll
0x000000006b7d0000 - 0x000000006b7e1000 	C:\Program Files\Java\jre1.8.0_20\bin\nio.dll

VM Arguments:
jvm_args: -Drjrcontext=/webx-demo -Drjrwebapp=D:\Users\yanqi.syq\workspace\webx-demo\src\main\webapp -Drjrport=8080 -Drjrsslport=8443 -Drjrkeystore=C:\Users\yanqi.syq\.keystore -Drjrkeypassword=changeit -Drjrpassword=changeit -Drjrscanintervalseconds=5 -Drjrenablescanner=false -Drjrenablessl=false -Drjrneedclientauth=false -Drjrparentloaderpriority=true -DrjrenbaleJNDI=false -XX:MaxPermSize=128m -Drjrclasspath=file://D:\Users\yanqi.syq\workspace\.metadata\.plugins\runjettyrun\webx-demo.classpath -Drjrscanlist=file://D:\Users\yanqi.syq\workspace\.metadata\.plugins\runjettyrun\webx-demo.scanlist -DrjrResourceMapping= -DrjrEclipseListener=50646 -Dfile.encoding=UTF-8 
java_command: runjettyrun.Bootstrap
java_class_path (initial): D:\eclipse-jee-mars-R-win32-x86_64\eclipse\configuration\org.eclipse.osgi\944\0\.cp\lib\jsp-2.1.jar;D:\eclipse-jee-mars-R-win32-x86_64\eclipse\configuration\org.eclipse.osgi\944\0\.cp\lib\jsp-api-2.1.jar;D:\eclipse-jee-mars-R-win32-x86_64\eclipse\configuration\org.eclipse.osgi\944\0\.cp\lib\run-jetty-run-bootstrap.jar;D:\eclipse-jee-mars-R-win32-x86_64\eclipse\configuration\org.eclipse.osgi\944\0\.cp\lib\jetty-6.1.26.jar;D:\eclipse-jee-mars-R-win32-x86_64\eclipse\configuration\org.eclipse.osgi\944\0\.cp\lib\jetty-management-6.1.26.jar;D:\eclipse-jee-mars-R-win32-x86_64\eclipse\configuration\org.eclipse.osgi\944\0\.cp\lib\jetty-util-6.1.26.jar;D:\eclipse-jee-mars-R-win32-x86_64\eclipse\configuration\org.eclipse.osgi\944\0\.cp\lib\core-3.1.1.jar;D:\eclipse-jee-mars-R-win32-x86_64\eclipse\configuration\org.eclipse.osgi\944\0\.cp\lib\servlet-api-2.5-20081211.jar
Launcher Type: SUN_STANDARD

Environment Variables:
JAVA_HOME=C:\Program Files\Java\jdk1.8.0_20
CLASSPATH=.;C:\Program Files\Java\jdk1.8.0_20\lib;C:\Program Files\Java\jdk1.8.0_20\lib\tools.jar
PATH=C:/Program Files/Java/jre1.8.0_20/bin/server;C:/Program Files/Java/jre1.8.0_20/bin;C:/Program Files/Java/jre1.8.0_20/lib/amd64;C:\ProgramData\Oracle\Java\javapath;C:\windows\system32;C:\windows;C:\windows\System32\Wbem;C:\windows\System32\WindowsPowerShell\v1.0\;C:\Program Files\Java\jdk1.8.0_20/bin;C:\Program Files\Java\jdk1.8.0_20/jre/bin;D:\apache-maven-3.3.3/bin;D:\MySQL\MySQL Server 5.5\bin;D:\eclipse-jee-mars-R-win32-x86_64\eclipse;
USERNAME=yanqi.syq
OS=Windows_NT
PROCESSOR_IDENTIFIER=Intel64 Family 6 Model 58 Stepping 9, GenuineIntel



---------------  S Y S T E M  ---------------

OS: Windows 7 , 64 bit Build 7601 Service Pack 1

CPU:total 4 (2 cores per cpu, 2 threads per core) family 6 model 58 stepping 9, cmov, cx8, fxsr, mmx, sse, sse2, sse3, ssse3, sse4.1, sse4.2, popcnt, avx, aes, clmul, erms, ht, tsc, tscinvbit, tscinv

Memory: 4k page, physical 8077104k(1698636k free), swap 8075252k(5096k free)

vm_info: Java HotSpot(TM) 64-Bit Server VM (25.20-b23) for windows-amd64 JRE (1.8.0_20-b26), built on Jul 30 2014 13:51:23 by "java_re" with MS VC++ 10.0 (VS2010)

time: Wed Jul 15 16:56:57 2015
elapsed time: 6 seconds (0d 0h 0m 6s)

