0:0:0:0:0:0:0:1 -  -  [08/七月/2015:09:03:46 +0800] "GET / HTTP/1.1" 200 9525 
0:0:0:0:0:0:0:1 -  -  [08/七月/2015:09:03:46 +0800] "GET /internal/styles.css HTTP/1.1" 200 718 
0:0:0:0:0:0:0:1 -  -  [08/七月/2015:09:03:46 +0800] "GET /internal/keyValues/keyValues.css HTTP/1.1" 200 543 
0:0:0:0:0:0:0:1 -  -  [08/七月/2015:09:03:46 +0800] "GET /internal/keyValues/keyValues.js HTTP/1.1" 200 787 
0:0:0:0:0:0:0:1 -  -  [08/七月/2015:09:03:46 +0800] "GET /internal/scriptaculous.js HTTP/1.1" 200 2931 
0:0:0:0:0:0:0:1 -  -  [08/七月/2015:09:03:46 +0800] "GET /internal/footer/footer.css HTTP/1.1" 200 96 
0:0:0:0:0:0:0:1 -  -  [08/七月/2015:09:03:46 +0800] "GET /internal/menu/menu.css HTTP/1.1" 200 1628 
0:0:0:0:0:0:0:1 -  -  [08/七月/2015:09:03:46 +0800] "GET /internal/sysinfo/systemInfo.css HTTP/1.1" 200 18 
0:0:0:0:0:0:0:1 -  -  [08/七月/2015:09:03:46 +0800] "GET /internal/prototype.js HTTP/1.1" 200 163313 
0:0:0:0:0:0:0:1 -  -  [08/七月/2015:09:03:46 +0800] "GET /internal/menu/images/home1.gif HTTP/1.1" 200 972 
0:0:0:0:0:0:0:1 -  -  [08/七月/2015:09:03:46 +0800] "GET /internal/menu/images/home2.gif HTTP/1.1" 200 977 
0:0:0:0:0:0:0:1 -  -  [08/七月/2015:09:03:46 +0800] "GET /internal/footer/images/webx3.gif HTTP/1.1" 200 10168 
0:0:0:0:0:0:0:1 -  -  [08/七月/2015:09:03:46 +0800] "GET /internal/builder.js HTTP/1.1" 200 4744 
0:0:0:0:0:0:0:1 -  -  [08/七月/2015:09:03:46 +0800] "GET /internal/effects.js HTTP/1.1" 200 38471 
0:0:0:0:0:0:0:1 -  -  [08/七月/2015:09:03:46 +0800] "GET /internal/dragdrop.js HTTP/1.1" 200 31066 
0:0:0:0:0:0:0:1 -  -  [08/七月/2015:09:03:46 +0800] "GET /internal/controls.js HTTP/1.1" 200 34787 
0:0:0:0:0:0:0:1 -  -  [08/七月/2015:09:03:46 +0800] "GET /internal/slider.js HTTP/1.1" 200 10162 
0:0:0:0:0:0:0:1 -  -  [08/七月/2015:09:03:46 +0800] "GET /internal/sound.js HTTP/1.1" 200 2456 
0:0:0:0:0:0:0:1 -  -  [08/七月/2015:09:03:46 +0800] "GET /internal/menu/images/arrow_v.gif HTTP/1.1" 200 48 
0:0:0:0:0:0:0:1 -  -  [08/七月/2015:09:03:46 +0800] "GET /favicon.ico HTTP/1.1" 404 1376 
0:0:0:0:0:0:0:1 -  -  [08/七月/2015:09:04:15 +0800] "GET /internal/ HTTP/1.1" 200 9525 
0:0:0:0:0:0:0:1 -  -  [08/七月/2015:09:04:15 +0800] "GET /internal/keyValues/keyValues.css HTTP/1.1" 304 0 
0:0:0:0:0:0:0:1 -  -  [08/七月/2015:09:04:15 +0800] "GET /internal/footer/footer.css HTTP/1.1" 304 0 
0:0:0:0:0:0:0:1 -  -  [08/七月/2015:09:04:15 +0800] "GET /internal/styles.css HTTP/1.1" 304 0 
0:0:0:0:0:0:0:1 -  -  [08/七月/2015:09:04:15 +0800] "GET /internal/sysinfo/systemInfo.css HTTP/1.1" 304 0 
0:0:0:0:0:0:0:1 -  -  [08/七月/2015:09:04:15 +0800] "GET /internal/menu/menu.css HTTP/1.1" 304 0 
0:0:0:0:0:0:0:1 -  -  [08/七月/2015:09:04:15 +0800] "GET /internal/prototype.js HTTP/1.1" 304 0 
0:0:0:0:0:0:0:1 -  -  [08/七月/2015:09:04:15 +0800] "GET /internal/scriptaculous.js HTTP/1.1" 304 0 
0:0:0:0:0:0:0:1 -  -  [08/七月/2015:09:04:15 +0800] "GET /internal/keyValues/keyValues.js HTTP/1.1" 304 0 
0:0:0:0:0:0:0:1 -  -  [08/七月/2015:09:04:15 +0800] "GET /internal/menu/images/home1.gif HTTP/1.1" 304 0 
0:0:0:0:0:0:0:1 -  -  [08/七月/2015:09:04:15 +0800] "GET /internal/menu/images/home2.gif HTTP/1.1" 304 0 
0:0:0:0:0:0:0:1 -  -  [08/七月/2015:09:04:15 +0800] "GET /internal/footer/images/webx3.gif HTTP/1.1" 304 0 
0:0:0:0:0:0:0:1 -  -  [08/七月/2015:09:04:15 +0800] "GET /internal/builder.js HTTP/1.1" 304 0 
0:0:0:0:0:0:0:1 -  -  [08/七月/2015:09:04:15 +0800] "GET /internal/dragdrop.js HTTP/1.1" 304 0 
0:0:0:0:0:0:0:1 -  -  [08/七月/2015:09:04:15 +0800] "GET /internal/effects.js HTTP/1.1" 304 0 
0:0:0:0:0:0:0:1 -  -  [08/七月/2015:09:04:15 +0800] "GET /internal/controls.js HTTP/1.1" 304 0 
0:0:0:0:0:0:0:1 -  -  [08/七月/2015:09:04:15 +0800] "GET /internal/slider.js HTTP/1.1" 304 0 
0:0:0:0:0:0:0:1 -  -  [08/七月/2015:09:04:15 +0800] "GET /internal/sound.js HTTP/1.1" 304 0 
0:0:0:0:0:0:0:1 -  -  [08/七月/2015:09:04:16 +0800] "GET /?home HTTP/1.1" 200 3063 
0:0:0:0:0:0:0:1 -  -  [08/七月/2015:12:49:30 +0800] "GET /list/as_html.htm HTTP/1.1" 200 656 
0:0:0:0:0:0:0:1 -  -  [08/七月/2015:12:49:36 +0800] "GET /index.htm HTTP/1.1" 200 3063 
0:0:0:0:0:0:0:1 -  -  [08/七月/2015:12:49:38 +0800] "GET /form/register.htm HTTP/1.1" 200 797 
0:0:0:0:0:0:0:1 -  -  [08/七月/2015:12:49:43 +0800] "POST /form/register.htm HTTP/1.1" 200 842 
0:0:0:0:0:0:0:1 -  -  [08/七月/2015:12:49:50 +0800] "POST /form/register.htm HTTP/1.1" 200 842 
0:0:0:0:0:0:0:1 -  -  [08/七月/2015:12:49:59 +0800] "POST /form/register.htm HTTP/1.1" 302 0 
0:0:0:0:0:0:0:1 -  -  [08/七月/2015:12:49:59 +0800] "GET /form/welcome.htm?name=123 HTTP/1.1" 200 417 
0:0:0:0:0:0:0:1 -  -  [08/七月/2015:12:50:04 +0800] "GET /form/register.htm HTTP/1.1" 200 797 
0:0:0:0:0:0:0:1 -  -  [08/七月/2015:12:50:10 +0800] "GET /multievent/say_hello_2/english.json HTTP/1.1" 200 41 
0:0:0:0:0:0:0:1 -  -  [08/七月/2015:12:50:16 +0800] "GET /multievent/say_hello_2/chinese.json HTTP/1.1" 200 42 
0:0:0:0:0:0:0:1 -  -  [08/七月/2015:12:50:20 +0800] "GET /multievent/say_hello_2/french.json HTTP/1.1" 200 42 
0:0:0:0:0:0:0:1 -  -  [08/七月/2015:12:50:26 +0800] "GET /multievent/say_hello_2/spanish.json HTTP/1.1" 200 40 
0:0:0:0:0:0:0:1 -  -  [08/七月/2015:12:50:32 +0800] "GET /simple/download.do?filename=blob HTTP/1.1" 200 19000200 
0:0:0:0:0:0:0:1 -  -  [08/七月/2015:19:48:07 +0800] "GET /simple/say_hi.do HTTP/1.1" 200 36 
0:0:0:0:0:0:0:1 -  -  [08/七月/2015:19:48:14 +0800] "GET /simple/say_hi_image.do HTTP/1.1" 200 13930 
